mode: set
github.com/nmarsollier/resourcesgo/main.go:8.13,11.2 2 0
github.com/nmarsollier/resourcesgo/internal/languages/create.go:12.74,15.50 2 1
github.com/nmarsollier/resourcesgo/internal/languages/create.go:15.50,17.3 1 1
github.com/nmarsollier/resourcesgo/internal/languages/create.go:19.2,28.16 2 1
github.com/nmarsollier/resourcesgo/internal/languages/create.go:28.16,29.28 1 1
github.com/nmarsollier/resourcesgo/internal/languages/create.go:30.21,31.32 1 1
github.com/nmarsollier/resourcesgo/internal/languages/create.go:34.3,34.17 1 1
github.com/nmarsollier/resourcesgo/internal/languages/create.go:37.2,37.25 1 1
github.com/nmarsollier/resourcesgo/internal/languages/find_by_id.go:11.66,21.2 1 1
github.com/nmarsollier/resourcesgo/internal/languages/schema.go:16.52,23.2 1 1
github.com/nmarsollier/resourcesgo/internal/languages/schema.go:25.43,27.2 1 1
github.com/nmarsollier/resourcesgo/internal/projects/create.go:12.74,15.49 2 1
github.com/nmarsollier/resourcesgo/internal/projects/create.go:15.49,17.3 1 1
github.com/nmarsollier/resourcesgo/internal/projects/create.go:19.2,24.16 2 1
github.com/nmarsollier/resourcesgo/internal/projects/create.go:24.16,25.28 1 1
github.com/nmarsollier/resourcesgo/internal/projects/create.go:26.21,27.32 1 1
github.com/nmarsollier/resourcesgo/internal/projects/create.go:30.3,30.17 1 1
github.com/nmarsollier/resourcesgo/internal/projects/create.go:33.2,33.24 1 1
github.com/nmarsollier/resourcesgo/internal/projects/find_by_id.go:11.65,21.2 1 1
github.com/nmarsollier/resourcesgo/internal/projects/schema.go:16.50,23.2 1 1
github.com/nmarsollier/resourcesgo/internal/projects/schema.go:25.42,27.2 1 1
github.com/nmarsollier/resourcesgo/internal/rest/server/engine.go:16.27,17.19 1 0
github.com/nmarsollier/resourcesgo/internal/rest/server/engine.go:17.19,19.3 1 0
github.com/nmarsollier/resourcesgo/internal/rest/server/engine.go:21.2,38.15 7 0
github.com/nmarsollier/resourcesgo/internal/rest/server/error_handler.go:11.48,14.2 2 0
github.com/nmarsollier/resourcesgo/internal/rest/server/error_handler.go:16.35,20.16 3 0
github.com/nmarsollier/resourcesgo/internal/rest/server/error_handler.go:20.16,22.3 1 0
github.com/nmarsollier/resourcesgo/internal/rest/server/error_handler.go:24.2,24.33 1 0
github.com/nmarsollier/resourcesgo/internal/rest/server/error_handler.go:25.20,26.25 1 0
github.com/nmarsollier/resourcesgo/internal/rest/server/error_handler.go:27.24,28.19 1 0
github.com/nmarsollier/resourcesgo/internal/rest/server/error_handler.go:29.34,30.34 1 0
github.com/nmarsollier/resourcesgo/internal/rest/server/error_handler.go:31.13,34.5 1 0
github.com/nmarsollier/resourcesgo/internal/rest/server/error_handler.go:35.10,36.33 1 0
github.com/nmarsollier/resourcesgo/internal/rest/server/error_handler.go:40.89,43.37 2 0
github.com/nmarsollier/resourcesgo/internal/rest/server/error_handler.go:43.37,45.3 1 0
github.com/nmarsollier/resourcesgo/internal/rest/server/error_handler.go:47.2,47.18 1 0
github.com/nmarsollier/resourcesgo/internal/rest/server/error_handler.go:50.53,52.2 1 0
github.com/nmarsollier/resourcesgo/internal/rest/server/logger_middleware.go:15.44,16.30 1 0
github.com/nmarsollier/resourcesgo/internal/rest/server/logger_middleware.go:16.30,27.36 4 0
github.com/nmarsollier/resourcesgo/internal/rest/server/logger_middleware.go:27.36,30.4 2 0
github.com/nmarsollier/resourcesgo/internal/rest/server/logger_middleware.go:34.48,37.2 2 0
github.com/nmarsollier/resourcesgo/internal/rest/server/logger_middleware.go:39.46,41.2 1 0
github.com/nmarsollier/resourcesgo/internal/rest/delete_resource.go:24.45,29.2 1 0
github.com/nmarsollier/resourcesgo/internal/rest/delete_resource.go:31.37,38.2 1 0
github.com/nmarsollier/resourcesgo/internal/rest/get_language.go:22.42,24.2 1 0
github.com/nmarsollier/resourcesgo/internal/rest/get_language.go:26.34,29.16 2 0
github.com/nmarsollier/resourcesgo/internal/rest/get_language.go:29.16,32.3 2 0
github.com/nmarsollier/resourcesgo/internal/rest/get_language.go:34.2,37.4 1 0
github.com/nmarsollier/resourcesgo/internal/rest/get_project.go:22.41,24.2 1 0
github.com/nmarsollier/resourcesgo/internal/rest/get_project.go:26.33,29.16 2 0
github.com/nmarsollier/resourcesgo/internal/rest/get_project.go:29.16,32.3 2 0
github.com/nmarsollier/resourcesgo/internal/rest/get_project.go:34.2,37.4 1 0
github.com/nmarsollier/resourcesgo/internal/rest/get_resource.go:24.43,26.2 1 0
github.com/nmarsollier/resourcesgo/internal/rest/get_resource.go:28.34,36.16 2 0
github.com/nmarsollier/resourcesgo/internal/rest/get_resource.go:36.16,39.3 2 0
github.com/nmarsollier/resourcesgo/internal/rest/get_resource.go:41.2,47.4 1 0
github.com/nmarsollier/resourcesgo/internal/rest/get_versions.go:23.42,25.2 1 0
github.com/nmarsollier/resourcesgo/internal/rest/get_versions.go:27.34,34.16 2 0
github.com/nmarsollier/resourcesgo/internal/rest/get_versions.go:34.16,37.3 2 0
github.com/nmarsollier/resourcesgo/internal/rest/get_versions.go:39.2,39.23 1 0
github.com/nmarsollier/resourcesgo/internal/rest/post_language.go:22.43,24.2 1 0
github.com/nmarsollier/resourcesgo/internal/rest/post_language.go:26.35,29.48 2 0
github.com/nmarsollier/resourcesgo/internal/rest/post_language.go:29.48,32.3 2 0
github.com/nmarsollier/resourcesgo/internal/rest/post_language.go:34.2,35.16 2 0
github.com/nmarsollier/resourcesgo/internal/rest/post_language.go:35.16,38.3 2 0
github.com/nmarsollier/resourcesgo/internal/rest/post_language.go:40.2,40.28 1 0
github.com/nmarsollier/resourcesgo/internal/rest/post_project.go:22.43,24.2 1 0
github.com/nmarsollier/resourcesgo/internal/rest/post_project.go:26.34,29.48 2 0
github.com/nmarsollier/resourcesgo/internal/rest/post_project.go:29.48,32.3 2 0
github.com/nmarsollier/resourcesgo/internal/rest/post_project.go:34.2,35.16 2 0
github.com/nmarsollier/resourcesgo/internal/rest/post_project.go:35.16,38.3 2 0
github.com/nmarsollier/resourcesgo/internal/rest/post_project.go:40.2,40.28 1 0
github.com/nmarsollier/resourcesgo/internal/rest/post_resources.go:22.44,24.2 1 0
github.com/nmarsollier/resourcesgo/internal/rest/post_resources.go:26.35,28.48 2 0
github.com/nmarsollier/resourcesgo/internal/rest/post_resources.go:28.48,31.3 2 0
github.com/nmarsollier/resourcesgo/internal/rest/post_resources.go:33.2,41.16 3 0
github.com/nmarsollier/resourcesgo/internal/rest/post_resources.go:41.16,44.3 2 0
github.com/nmarsollier/resourcesgo/internal/rest/post_resources.go:46.2,46.28 1 0
github.com/nmarsollier/resourcesgo/internal/rest/router.go:11.14,22.2 10 0
github.com/nmarsollier/resourcesgo/internal/resources/create.go:17.19,18.57 1 1
github.com/nmarsollier/resourcesgo/internal/resources/create.go:18.57,20.3 1 1
github.com/nmarsollier/resourcesgo/internal/resources/create.go:22.2,24.16 2 1
github.com/nmarsollier/resourcesgo/internal/resources/create.go:24.16,25.28 1 1
github.com/nmarsollier/resourcesgo/internal/resources/create.go:26.27,27.49 1 1
github.com/nmarsollier/resourcesgo/internal/resources/create.go:27.49,29.5 1 1
github.com/nmarsollier/resourcesgo/internal/resources/create.go:29.10,31.5 1 1
github.com/nmarsollier/resourcesgo/internal/resources/create.go:32.21,33.32 1 1
github.com/nmarsollier/resourcesgo/internal/resources/create.go:35.3,35.17 1 1
github.com/nmarsollier/resourcesgo/internal/resources/create.go:38.2,38.25 1 1
github.com/nmarsollier/resourcesgo/internal/resources/create.go:44.22,52.16 2 1
github.com/nmarsollier/resourcesgo/internal/resources/create.go:52.16,54.3 1 1
github.com/nmarsollier/resourcesgo/internal/resources/create.go:55.2,55.22 1 1
github.com/nmarsollier/resourcesgo/internal/resources/delete.go:11.88,13.16 2 1
github.com/nmarsollier/resourcesgo/internal/resources/delete.go:13.16,15.3 1 1
github.com/nmarsollier/resourcesgo/internal/resources/delete.go:17.2,21.3 1 1
github.com/nmarsollier/resourcesgo/internal/resources/find_by.go:11.101,21.2 1 1
github.com/nmarsollier/resourcesgo/internal/resources/find_by_id.go:11.66,21.2 1 1
github.com/nmarsollier/resourcesgo/internal/resources/find_versions.go:11.91,18.16 2 1
github.com/nmarsollier/resourcesgo/internal/resources/find_versions.go:18.16,20.3 1 1
github.com/nmarsollier/resourcesgo/internal/resources/find_versions.go:22.2,23.25 2 1
github.com/nmarsollier/resourcesgo/internal/resources/find_versions.go:23.25,25.3 1 1
github.com/nmarsollier/resourcesgo/internal/resources/find_versions.go:27.2,27.22 1 1
github.com/nmarsollier/resourcesgo/internal/resources/get_last_resource.go:12.110,14.16 2 0
github.com/nmarsollier/resourcesgo/internal/resources/get_last_resource.go:14.16,16.3 1 0
github.com/nmarsollier/resourcesgo/internal/resources/get_last_resource.go:18.2,18.48 1 0
github.com/nmarsollier/resourcesgo/internal/resources/get_last_resource.go:21.106,23.16 2 0
github.com/nmarsollier/resourcesgo/internal/resources/get_last_resource.go:23.16,25.3 1 0
github.com/nmarsollier/resourcesgo/internal/resources/get_last_resource.go:27.2,28.37 2 0
github.com/nmarsollier/resourcesgo/internal/resources/get_last_resource.go:28.37,29.41 1 0
github.com/nmarsollier/resourcesgo/internal/resources/get_last_resource.go:29.41,31.4 1 0
github.com/nmarsollier/resourcesgo/internal/resources/get_last_resource.go:34.2,36.21 2 0
github.com/nmarsollier/resourcesgo/internal/resources/get_last_resource.go:36.21,38.3 1 0
github.com/nmarsollier/resourcesgo/internal/resources/get_last_resource.go:40.2,40.26 1 0
github.com/nmarsollier/resourcesgo/internal/resources/get_last_resource.go:43.56,44.70 1 1
github.com/nmarsollier/resourcesgo/internal/resources/get_last_resource.go:44.70,48.3 3 1
github.com/nmarsollier/resourcesgo/internal/resources/get_last_resource.go:50.2,53.53 3 1
github.com/nmarsollier/resourcesgo/internal/resources/get_last_resource.go:53.53,55.3 1 1
github.com/nmarsollier/resourcesgo/internal/resources/get_last_resource.go:57.2,58.16 2 1
github.com/nmarsollier/resourcesgo/internal/resources/get_last_resource.go:58.16,60.3 1 0
github.com/nmarsollier/resourcesgo/internal/resources/get_last_resource.go:61.2,62.16 2 1
github.com/nmarsollier/resourcesgo/internal/resources/get_last_resource.go:62.16,64.3 1 0
github.com/nmarsollier/resourcesgo/internal/resources/get_last_resource.go:65.2,65.13 1 1
github.com/nmarsollier/resourcesgo/internal/resources/get_last_resource.go:65.13,67.3 1 0
github.com/nmarsollier/resourcesgo/internal/resources/get_last_resource.go:69.2,70.16 2 1
github.com/nmarsollier/resourcesgo/internal/resources/get_last_resource.go:70.16,72.3 1 0
github.com/nmarsollier/resourcesgo/internal/resources/get_last_resource.go:73.2,74.16 2 1
github.com/nmarsollier/resourcesgo/internal/resources/get_last_resource.go:74.16,76.3 1 0
github.com/nmarsollier/resourcesgo/internal/resources/get_last_resource.go:77.2,77.13 1 1
github.com/nmarsollier/resourcesgo/internal/resources/get_last_resource.go:77.13,79.3 1 1
github.com/nmarsollier/resourcesgo/internal/resources/get_last_resource.go:81.2,82.16 2 1
github.com/nmarsollier/resourcesgo/internal/resources/get_last_resource.go:82.16,84.3 1 0
github.com/nmarsollier/resourcesgo/internal/resources/get_last_resource.go:85.2,86.16 2 1
github.com/nmarsollier/resourcesgo/internal/resources/get_last_resource.go:86.16,88.3 1 0
github.com/nmarsollier/resourcesgo/internal/resources/get_last_resource.go:89.2,89.13 1 1
github.com/nmarsollier/resourcesgo/internal/resources/get_last_resource.go:89.13,91.3 1 0
github.com/nmarsollier/resourcesgo/internal/resources/get_last_resource.go:93.2,93.13 1 1
github.com/nmarsollier/resourcesgo/internal/resources/schema.go:25.13,35.2 1 1
github.com/nmarsollier/resourcesgo/internal/resources/schema.go:37.43,39.2 1 0
github.com/nmarsollier/resourcesgo/internal/tools/env/env.go:23.33,24.19 1 1
github.com/nmarsollier/resourcesgo/internal/tools/env/env.go:24.19,26.3 1 1
github.com/nmarsollier/resourcesgo/internal/tools/env/env.go:28.2,28.15 1 1
github.com/nmarsollier/resourcesgo/internal/tools/env/env.go:31.28,38.2 1 1
github.com/nmarsollier/resourcesgo/internal/tools/errs/custom.go:15.52,20.2 1 1
github.com/nmarsollier/resourcesgo/internal/tools/errs/custom.go:22.33,24.2 1 1
github.com/nmarsollier/resourcesgo/internal/tools/errs/custom.go:26.31,28.2 1 1
github.com/nmarsollier/resourcesgo/internal/tools/errs/validation.go:16.63,25.2 1 1
github.com/nmarsollier/resourcesgo/internal/tools/errs/validation.go:27.34,31.2 1 1
github.com/nmarsollier/resourcesgo/internal/tools/errs/validation.go:33.37,35.2 1 1
github.com/nmarsollier/resourcesgo/internal/tools/errs/validation.go:37.67,44.2 3 1
github.com/nmarsollier/resourcesgo/internal/tools/errs/validation.go:46.33,48.2 1 1
github.com/nmarsollier/resourcesgo/internal/tools/logx/context.go:20.72,22.8 2 1
github.com/nmarsollier/resourcesgo/internal/tools/logx/context.go:22.8,24.3 1 1
github.com/nmarsollier/resourcesgo/internal/tools/logx/context.go:26.2,26.50 1 1
github.com/nmarsollier/resourcesgo/internal/tools/logx/context.go:39.44,41.9 2 1
github.com/nmarsollier/resourcesgo/internal/tools/logx/context.go:41.9,43.3 1 0
github.com/nmarsollier/resourcesgo/internal/tools/logx/context.go:44.2,44.15 1 1
github.com/nmarsollier/resourcesgo/internal/tools/logx/fields.go:20.25,24.2 1 1
github.com/nmarsollier/resourcesgo/internal/tools/logx/fields.go:34.54,37.2 2 1
github.com/nmarsollier/resourcesgo/internal/tools/logx/logger.go:11.36,13.2 1 1
github.com/nmarsollier/resourcesgo/internal/tools/logx/logger.go:15.48,17.2 1 1
github.com/nmarsollier/resourcesgo/internal/tools/logx/logger.go:19.44,21.2 1 1
github.com/nmarsollier/resourcesgo/internal/tools/logx/logger.go:23.44,25.2 1 1
github.com/nmarsollier/resourcesgo/internal/tools/logx/logger.go:27.44,29.2 1 1
github.com/nmarsollier/resourcesgo/internal/tools/logx/logger.go:31.67,34.35 3 1
github.com/nmarsollier/resourcesgo/internal/tools/logx/logger.go:34.35,36.3 1 1
github.com/nmarsollier/resourcesgo/internal/tools/logx/logger.go:37.2,37.34 1 1
github.com/nmarsollier/resourcesgo/internal/tools/strs/json.go:7.37,10.2 2 1
github.com/nmarsollier/resourcesgo/internal/tools/strs/numbers.go:15.29,17.16 2 1
github.com/nmarsollier/resourcesgo/internal/tools/strs/numbers.go:17.16,19.3 1 1
github.com/nmarsollier/resourcesgo/internal/tools/strs/numbers.go:20.2,20.10 1 1
github.com/nmarsollier/resourcesgo/internal/tools/strs/numbers.go:30.41,32.16 2 1
github.com/nmarsollier/resourcesgo/internal/tools/strs/numbers.go:32.16,34.3 1 1
github.com/nmarsollier/resourcesgo/internal/tools/strs/numbers.go:35.2,35.10 1 1
